AA:AA0,AD-2
AB:AB0,AA-1,CC0,AD-3
AD:AD0,AE1
AE:AE0,AB1,AA0,CC1,AD-2
CC:CC0,AB0,AA-1,AD-3
-----
AA:AA0,AD-2,AE-1
AB:AB0,AA-1,CC0,AD-3,AE-2
AD:AD0,AE1,AB2,AA1,CC2
AE:AE0,AB1,AA0,CC1,AD-2
CC:CC0,AB0,AA-1,AD-3,AE-2
-----
AA:AA0,AD-2,AE-1,AB0,CC0
AB:AB0,AA-1,CC-1,AD-3,AE-2
AD:AD0,AE1,AB2,AA1,CC2
AE:AE0,AB1,AA0,CC0,AD-2
CC:CC0,AB0,AA-1,AD-3,AE-2
-----
AA:AA0,AD-2,AE-1,AB0,CC0
AB:AB0,AA-1,CC-1,AD-3,AE-2
AD:AD0,AE1,AB2,AA1,CC1
AE:AE0,AB1,AA0,CC0,AD-2
CC:CC0,AB0,AA-1,AD-3,AE-2
-----
AA:AA0,AD-2,AE-1,AB0,CC-1
AB:AB0,AA-1,CC-2,AD-3,AE-2
AD:AD0,AE1,AB2,AA1,CC1
AE:AE0,AB1,AA0,CC-1,AD-2
CC:CC0,AB0,AA-1,AD-3,AE-2
-----
AA:AA0,AD-2,AE-1,AB0,CC-1
AB:AB0,AA-1,CC-2,AD-3,AE-2
AD:AD0,AE1,AB2,AA1,CC0
AE:AE0,AB1,AA0,CC-1,AD-2
CC:CC0,AB0,AA-1,AD-3,AE-2
-----
AA:AA0,AD-2,AE-1,AB0,CC-2
AB:AB0,AA-1,CC-3,AD-3,AE-2
AD:AD0,AE1,AB2,AA1,CC0
AE:AE0,AB1,AA0,CC-2,AD-2
CC:CC0,AB0,AA-1,AD-3,AE-2
-----
AA:AA0,AD-2,AE-1,AB0,CC-2
AB:AB0,AA-1,CC-3,AD-3,AE-2
AD:AD0,AE1,AB2,AA1,CC-1
AE:AE0,AB1,AA0,CC-2,AD-2
CC:CC0,AB0,AA-1,AD-3,AE-2
-----
AA:AA0,AD-2,AE-1,AB0,CC-3
AB:AB0,AA-1,CC-4,AD-3,AE-2
AD:AD0,AE1,AB2,AA1,CC-1
AE:AE0,AB1,AA0,CC-3,AD-2
CC:CC0,AB0,AA-1,AD-3,AE-2
-----
AA:AA0,AD-2,AE-1,AB0,CC-3
AB:AB0,AA-1,CC-4,AD-3,AE-2
AD:AD0,AE1,AB2,AA1,CC-2
AE:AE0,AB1,AA0,CC-3,AD-2
CC:CC0,AB0,AA-1,AD-3,AE-2
-----
AA:AA0,AD-2,AE-1,AB0,CC-4
AB:AB0,AA-1,CC-5,AD-3,AE-2
AD:AD0,AE1,AB2,AA1,CC-2
AE:AE0,AB1,AA0,CC-4,AD-2
CC:CC0,AB0,AA-1,AD-3,AE-2
-----
AA:AA0,AD-2,AE-1,AB0,CC-4
AB:AB0,AA-1,CC-5,AD-3,AE-2
AD:AD0,AE1,AB2,AA1,CC-3
AE:AE0,AB1,AA0,CC-4,AD-2
CC:CC0,AB0,AA-1,AD-3,AE-2
-----
AA:AA0,AD-2,AE-1,AB0,CC-5
AB:AB0,AA-1,CC-6,AD-3,AE-2
AD:AD0,AE1,AB2,AA1,CC-3
AE:AE0,AB1,AA0,CC-5,AD-2
CC:CC0,AB0,AA-1,AD-3,AE-2
-----
AA:AA0,AD-2,AE-1,AB0,CC-5
AB:AB0,AA-1,CC-6,AD-3,AE-2
AD:AD0,AE1,AB2,AA1,CC-4
AE:AE0,AB1,AA0,CC-5,AD-2
CC:CC0,AB0,AA-1,AD-3,AE-2
-----
AA:AA0,AD-2,AE-1,AB0,CC-6
AB:AB0,AA-1,CC-7,AD-3,AE-2
AD:AD0,AE1,AB2,AA1,CC-4
AE:AE0,AB1,AA0,CC-6,AD-2
CC:CC0,AB0,AA-1,AD-3,AE-2
-----
AA:AA0,AD-2,AE-1,AB0,CC-6
AB:AB0,AA-1,CC-7,AD-3,AE-2
AD:AD0,AE1,AB2,AA1,CC-5
AE:AE0,AB1,AA0,CC-6,AD-2
CC:CC0,AB0,AA-1,AD-3,AE-2
-----
AA:AA0,AD-2,AE-1,AB0,CC-7
AB:AB0,AA-1,CC-8,AD-3,AE-2
AD:AD0,AE1,AB2,AA1,CC-5
AE:AE0,AB1,AA0,CC-7,AD-2
CC:CC0,AB0,AA-1,AD-3,AE-2
-----
AA:AA0,AD-2,AE-1,AB0,CC-7
AB:AB0,AA-1,CC-8,AD-3,AE-2
AD:AD0,AE1,AB2,AA1,CC-6
AE:AE0,AB1,AA0,CC-7,AD-2
CC:CC0,AB0,AA-1,AD-3,AE-2
-----
AA:AA0,AD-2,AE-1,AB0,CC-8
AB:AB0,AA-1,CC-9,AD-3,AE-2
AD:AD0,AE1,AB2,AA1,CC-6
AE:AE0,AB1,AA0,CC-8,AD-2
CC:CC0,AB0,AA-1,AD-3,AE-2
-----
AA:AA0,AD-2,AE-1,AB0,CC-8
AB:AB0,AA-1,CC-9,AD-3,AE-2
AD:AD0,AE1,AB2,AA1,CC-7
AE:AE0,AB1,AA0,CC-8,AD-2
CC:CC0,AB0,AA-1,AD-3,AE-2
-----
AA:AA0,AD-2,AE-1,AB0,CC-9
AB:AB0,AA-1,CC-10,AD-3,AE-2
AD:AD0,AE1,AB2,AA1,CC-7
AE:AE0,AB1,AA0,CC-9,AD-2
CC:CC0,AB0,AA-1,AD-3,AE-2
-----
AA:AA0,AD-2,AE-1,AB0,CC-9
AB:AB0,AA-1,CC-10,AD-3,AE-2
AD:AD0,AE1,AB2,AA1,CC-8
AE:AE0,AB1,AA0,CC-9,AD-2
CC:CC0,AB0,AA-1,AD-3,AE-2
-----
AA:AA0,AD-2,AE-1,AB0,CC-10
AB:AB0,AA-1,CC-11,AD-3,AE-2
AD:AD0,AE1,AB2,AA1,CC-8
AE:AE0,AB1,AA0,CC-10,AD-2
CC:CC0,AB0,AA-1,AD-3,AE-2
-----
AA:AA0,AD-2,AE-1,AB0,CC-10
AB:AB0,AA-1,CC-11,AD-3,AE-2
AD:AD0,AE1,AB2,AA1,CC-9
AE:AE0,AB1,AA0,CC-10,AD-2
CC:CC0,AB0,AA-1,AD-3,AE-2
-----
AA:AA0,AD-2,AE-1,AB0,CC-11
AB:AB0,AA-1,CC-12,AD-3,AE-2
AD:AD0,AE1,AB2,AA1,CC-9
AE:AE0,AB1,AA0,CC-11,AD-2
CC:CC0,AB0,AA-1,AD-3,AE-2
-----
AA:AA0,AD-2,AE-1,AB0,CC-11
AB:AB0,AA-1,CC-12,AD-3,AE-2
AD:AD0,AE1,AB2,AA1,CC-10
AE:AE0,AB1,AA0,CC-11,AD-2
CC:CC0,AB0,AA-1,AD-3,AE-2
-----
AA:AA0,AD-2,AE-1,AB0,CC-12
AB:AB0,AA-1,CC-13,AD-3,AE-2
AD:AD0,AE1,AB2,AA1,CC-10
AE:AE0,AB1,AA0,CC-12,AD-2
CC:CC0,AB0,AA-1,AD-3,AE-2
-----
AA:AA0,AD-2,AE-1,AB0,CC-12
AB:AB0,AA-1,CC-13,AD-3,AE-2
AD:AD0,AE1,AB2,AA1,CC-11
AE:AE0,AB1,AA0,CC-12,AD-2
CC:CC0,AB0,AA-1,AD-3,AE-2
-----
AA:AA0,AD-2,AE-1,AB0,CC-13
AB:AB0,AA-1,CC-14,AD-3,AE-2
AD:AD0,AE1,AB2,AA1,CC-11
AE:AE0,AB1,AA0,CC-13,AD-2
CC:CC0,AB0,AA-1,AD-3,AE-2
-----
AA:AA0,AD-2,AE-1,AB0,CC-13
AB:AB0,AA-1,CC-14,AD-3,AE-2
AD:AD0,AE1,AB2,AA1,CC-12
AE:AE0,AB1,AA0,CC-13,AD-2
CC:CC0,AB0,AA-1,AD-3,AE-2
-----
AA:AA0,AD-2,AE-1,AB0,CC-14
AB:AB0,AA-1,CC-15,AD-3,AE-2
AD:AD0,AE1,AB2,AA1,CC-12
AE:AE0,AB1,AA0,CC-14,AD-2
CC:CC0,AB0,AA-1,AD-3,AE-2
-----
AA:AA0,AD-2,AE-1,AB0,CC-14
AB:AB0,AA-1,CC-15,AD-3,AE-2
AD:AD0,AE1,AB2,AA1,CC-13
AE:AE0,AB1,AA0,CC-14,AD-2
CC:CC0,AB0,AA-1,AD-3,AE-2
-----
AA:AA0,AD-2,AE-1,AB0,CC-15
AB:AB0,AA-1,CC-16,AD-3,AE-2
AD:AD0,AE1,AB2,AA1,CC-13
AE:AE0,AB1,AA0,CC-15,AD-2
CC:CC0,AB0,AA-1,AD-3,AE-2
-----
AA:AA0,AD-2,AE-1,AB0,CC-15
AB:AB0,AA-1,CC-16,AD-3,AE-2
AD:AD0,AE1,AB2,AA1,CC-14
AE:AE0,AB1,AA0,CC-15,AD-2
CC:CC0,AB0,AA-1,AD-3,AE-2
-----
AA:AA0,AD-2,AE-1,AB0,CC-16
AB:AB0,AA-1,CC-17,AD-3,AE-2
AD:AD0,AE1,AB2,AA1,CC-14
AE:AE0,AB1,AA0,CC-16,AD-2
CC:CC0,AB0,AA-1,AD-3,AE-2
-----
AA:AA0,AD-2,AE-1,AB0,CC-16
AB:AB0,AA-1,CC-17,AD-3,AE-2
AD:AD0,AE1,AB2,AA1,CC-15
AE:AE0,AB1,AA0,CC-16,AD-2
CC:CC0,AB0,AA-1,AD-3,AE-2
-----
AA:AA0,AD-2,AE-1,AB0,CC-17
AB:AB0,AA-1,CC-18,AD-3,AE-2
AD:AD0,AE1,AB2,AA1,CC-15
AE:AE0,AB1,AA0,CC-17,AD-2
CC:CC0,AB0,AA-1,AD-3,AE-2
-----
AA:AA0,AD-2,AE-1,AB0,CC-17
AB:AB0,AA-1,CC-18,AD-3,AE-2
AD:AD0,AE1,AB2,AA1,CC-16
AE:AE0,AB1,AA0,CC-17,AD-2
CC:CC0,AB0,AA-1,AD-3,AE-2
-----
AA:AA0,AD-2,AE-1,AB0,CC-18
AB:AB0,AA-1,CC-19,AD-3,AE-2
AD:AD0,AE1,AB2,AA1,CC-16
AE:AE0,AB1,AA0,CC-18,AD-2
CC:CC0,AB0,AA-1,AD-3,AE-2
-----
AA:AA0,AD-2,AE-1,AB0,CC-18
AB:AB0,AA-1,CC-19,AD-3,AE-2
AD:AD0,AE1,AB2,AA1,CC-17
AE:AE0,AB1,AA0,CC-18,AD-2
CC:CC0,AB0,AA-1,AD-3,AE-2
-----
AA:AA0,AD-2,AE-1,AB0,CC-19
AB:AB0,AA-1,CC-20,AD-3,AE-2
AD:AD0,AE1,AB2,AA1,CC-17
AE:AE0,AB1,AA0,CC-19,AD-2
CC:CC0,AB0,AA-1,AD-3,AE-2
-----
AA:AA0,AD-2,AE-1,AB0,CC-19
AB:AB0,AA-1,CC-20,AD-3,AE-2
AD:AD0,AE1,AB2,AA1,CC-18
AE:AE0,AB1,AA0,CC-19,AD-2
CC:CC0,AB0,AA-1,AD-3,AE-2
-----
AA:AA0,AD-2,AE-1,AB0,CC-20
AB:AB0,AA-1,CC-21,AD-3,AE-2
AD:AD0,AE1,AB2,AA1,CC-18
AE:AE0,AB1,AA0,CC-20,AD-2
CC:CC0,AB0,AA-1,AD-3,AE-2
-----
AA:AA0,AD-2,AE-1,AB0,CC-20
AB:AB0,AA-1,CC-21,AD-3,AE-2
AD:AD0,AE1,AB2,AA1,CC-19
AE:AE0,AB1,AA0,CC-20,AD-2
CC:CC0,AB0,AA-1,AD-3,AE-2
-----
AA:AA0,AD-2,AE-1,AB0,CC-21
AB:AB0,AA-1,CC-22,AD-3,AE-2
AD:AD0,AE1,AB2,AA1,CC-19
AE:AE0,AB1,AA0,CC-21,AD-2
CC:CC0,AB0,AA-1,AD-3,AE-2
-----
AA:AA0,AD-2,AE-1,AB0,CC-21
AB:AB0,AA-1,CC-22,AD-3,AE-2
AD:AD0,AE1,AB2,AA1,CC-20
AE:AE0,AB1,AA0,CC-21,AD-2
CC:CC0,AB0,AA-1,AD-3,AE-2
-----
AA:AA0,AD-2,AE-1,AB0,CC-22
AB:AB0,AA-1,CC-23,AD-3,AE-2
AD:AD0,AE1,AB2,AA1,CC-20
AE:AE0,AB1,AA0,CC-22,AD-2
CC:CC0,AB0,AA-1,AD-3,AE-2
-----
AA:AA0,AD-2,AE-1,AB0,CC-22
AB:AB0,AA-1,CC-23,AD-3,AE-2
AD:AD0,AE1,AB2,AA1,CC-21
AE:AE0,AB1,AA0,CC-22,AD-2
CC:CC0,AB0,AA-1,AD-3,AE-2
-----
AA:AA0,AD-2,AE-1,AB0,CC-23
AB:AB0,AA-1,CC-24,AD-3,AE-2
AD:AD0,AE1,AB2,AA1,CC-21
AE:AE0,AB1,AA0,CC-23,AD-2
CC:CC0,AB0,AA-1,AD-3,AE-2
-----
AA:AA0,AD-2,AE-1,AB0,CC-23
AB:AB0,AA-1,CC-24,AD-3,AE-2
AD:AD0,AE1,AB2,AA1,CC-22
AE:AE0,AB1,AA0,CC-23,AD-2
CC:CC0,AB0,AA-1,AD-3,AE-2
-----
AA:AA0,AD-2,AE-1,AB0,CC-24
AB:AB0,AA-1,CC-25,AD-3,AE-2
AD:AD0,AE1,AB2,AA1,CC-22
AE:AE0,AB1,AA0,CC-24,AD-2
CC:CC0,AB0,AA-1,AD-3,AE-2
-----
AA:AA0,AD-2,AE-1,AB0,CC-24
AB:AB0,AA-1,CC-25,AD-3,AE-2
AD:AD0,AE1,AB2,AA1,CC-23
AE:AE0,AB1,AA0,CC-24,AD-2
CC:CC0,AB0,AA-1,AD-3,AE-2
-----
AA:AA0,AD-2,AE-1,AB0,CC-25
AB:AB0,AA-1,CC-26,AD-3,AE-2
AD:AD0,AE1,AB2,AA1,CC-23
AE:AE0,AB1,AA0,CC-25,AD-2
CC:CC0,AB0,AA-1,AD-3,AE-2
-----
AA:AA0,AD-2,AE-1,AB0,CC-25
AB:AB0,AA-1,CC-26,AD-3,AE-2
AD:AD0,AE1,AB2,AA1,CC-24
AE:AE0,AB1,AA0,CC-25,AD-2
CC:CC0,AB0,AA-1,AD-3,AE-2
-----
AA:AA0,AD-2,AE-1,AB0,CC-26
AB:AB0,AA-1,CC-27,AD-3,AE-2
AD:AD0,AE1,AB2,AA1,CC-24
AE:AE0,AB1,AA0,CC-26,AD-2
CC:CC0,AB0,AA-1,AD-3,AE-2
-----
AA:AA0,AD-2,AE-1,AB0,CC-26
AB:AB0,AA-1,CC-27,AD-3,AE-2
AD:AD0,AE1,AB2,AA1,CC-25
AE:AE0,AB1,AA0,CC-26,AD-2
CC:CC0,AB0,AA-1,AD-3,AE-2
-----
AA:AA0,AD-2,AE-1,AB0,CC-27
AB:AB0,AA-1,CC-28,AD-3,AE-2
AD:AD0,AE1,AB2,AA1,CC-25
AE:AE0,AB1,AA0,CC-27,AD-2
CC:CC0,AB0,AA-1,AD-3,AE-2
-----
AA:AA0,AD-2,AE-1,AB0,CC-27
AB:AB0,AA-1,CC-28,AD-3,AE-2
AD:AD0,AE1,AB2,AA1,CC-26
AE:AE0,AB1,AA0,CC-27,AD-2
CC:CC0,AB0,AA-1,AD-3,AE-2
-----
AA:AA0,AD-2,AE-1,AB0,CC-28
AB:AB0,AA-1,CC-29,AD-3,AE-2
AD:AD0,AE1,AB2,AA1,CC-26
AE:AE0,AB1,AA0,CC-28,AD-2
CC:CC0,AB0,AA-1,AD-3,AE-2
-----
AA:AA0,AD-2,AE-1,AB0,CC-28
AB:AB0,AA-1,CC-29,AD-3,AE-2
AD:AD0,AE1,AB2,AA1,CC-27
AE:AE0,AB1,AA0,CC-28,AD-2
CC:CC0,AB0,AA-1,AD-3,AE-2
-----
AA:AA0,AD-2,AE-1,AB0,CC-29
AB:AB0,AA-1,CC-30,AD-3,AE-2
AD:AD0,AE1,AB2,AA1,CC-27
AE:AE0,AB1,AA0,CC-29,AD-2
CC:CC0,AB0,AA-1,AD-3,AE-2
-----
AA:AA0,AD-2,AE-1,AB0,CC-29
AB:AB0,AA-1,CC-30,AD-3,AE-2
AD:AD0,AE1,AB2,AA1,CC-28
AE:AE0,AB1,AA0,CC-29,AD-2
CC:CC0,AB0,AA-1,AD-3,AE-2
-----
AA:AA0,AD-2,AE-1,AB0,CC-30
AB:AB0,AA-1,CC-31,AD-3,AE-2
AD:AD0,AE1,AB2,AA1,CC-28
AE:AE0,AB1,AA0,CC-30,AD-2
CC:CC0,AB0,AA-1,AD-3,AE-2
-----
AA:AA0,AD-2,AE-1,AB0,CC-30
AB:AB0,AA-1,CC-31,AD-3,AE-2
AD:AD0,AE1,AB2,AA1,CC-29
AE:AE0,AB1,AA0,CC-30,AD-2
CC:CC0,AB0,AA-1,AD-3,AE-2
-----
AA:AA0,AD-2,AE-1,AB0,CC-31
AB:AB0,AA-1,CC-32,AD-3,AE-2
AD:AD0,AE1,AB2,AA1,CC-29
AE:AE0,AB1,AA0,CC-31,AD-2
CC:CC0,AB0,AA-1,AD-3,AE-2
-----
AA:AA0,AD-2,AE-1,AB0,CC-31
AB:AB0,AA-1,CC-32,AD-3,AE-2
AD:AD0,AE1,AB2,AA1,CC-30
AE:AE0,AB1,AA0,CC-31,AD-2
CC:CC0,AB0,AA-1,AD-3,AE-2
-----
AA:AA0,AD-2,AE-1,AB0,CC-32
AB:AB0,AA-1,CC-33,AD-3,AE-2
AD:AD0,AE1,AB2,AA1,CC-30
AE:AE0,AB1,AA0,CC-32,AD-2
CC:CC0,AB0,AA-1,AD-3,AE-2
-----
AA:AA0,AD-2,AE-1,AB0,CC-32
AB:AB0,AA-1,CC-33,AD-3,AE-2
AD:AD0,AE1,AB2,AA1,CC-31
AE:AE0,AB1,AA0,CC-32,AD-2
CC:CC0,AB0,AA-1,AD-3,AE-2
-----
AA:AA0,AD-2,AE-1,AB0,CC-33
AB:AB0,AA-1,CC-34,AD-3,AE-2
AD:AD0,AE1,AB2,AA1,CC-31
AE:AE0,AB1,AA0,CC-33,AD-2
CC:CC0,AB0,AA-1,AD-3,AE-2
-----
AA:AA0,AD-2,AE-1,AB0,CC-33
AB:AB0,AA-1,CC-34,AD-3,AE-2
AD:AD0,AE1,AB2,AA1,CC-32
AE:AE0,AB1,AA0,CC-33,AD-2
CC:CC0,AB0,AA-1,AD-3,AE-2
-----
AA:AA0,AD-2,AE-1,AB0,CC-34
AB:AB0,AA-1,CC-35,AD-3,AE-2
AD:AD0,AE1,AB2,AA1,CC-32
AE:AE0,AB1,AA0,CC-34,AD-2
CC:CC0,AB0,AA-1,AD-3,AE-2
-----
AA:AA0,AD-2,AE-1,AB0,CC-34
AB:AB0,AA-1,CC-35,AD-3,AE-2
AD:AD0,AE1,AB2,AA1,CC-33
AE:AE0,AB1,AA0,CC-34,AD-2
CC:CC0,AB0,AA-1,AD-3,AE-2
-----
AA:AA0,AD-2,AE-1,AB0,CC-35
AB:AB0,AA-1,CC-36,AD-3,AE-2
AD:AD0,AE1,AB2,AA1,CC-33
AE:AE0,AB1,AA0,CC-35,AD-2
CC:CC0,AB0,AA-1,AD-3,AE-2
-----
AA:AA0,AD-2,AE-1,AB0,CC-35
AB:AB0,AA-1,CC-36,AD-3,AE-2
AD:AD0,AE1,AB2,AA1,CC-34
AE:AE0,AB1,AA0,CC-35,AD-2
CC:CC0,AB0,AA-1,AD-3,AE-2
-----
AA:AA0,AD-2,AE-1,AB0,CC-36
AB:AB0,AA-1,CC-37,AD-3,AE-2
AD:AD0,AE1,AB2,AA1,CC-34
AE:AE0,AB1,AA0,CC-36,AD-2
CC:CC0,AB0,AA-1,AD-3,AE-2
-----
AA:AA0,AD-2,AE-1,AB0,CC-36
AB:AB0,AA-1,CC-37,AD-3,AE-2
AD:AD0,AE1,AB2,AA1,CC-35
AE:AE0,AB1,AA0,CC-36,AD-2
CC:CC0,AB0,AA-1,AD-3,AE-2
-----
AA:AA0,AD-2,AE-1,AB0,CC-37
AB:AB0,AA-1,CC-38,AD-3,AE-2
AD:AD0,AE1,AB2,AA1,CC-35
AE:AE0,AB1,AA0,CC-37,AD-2
CC:CC0,AB0,AA-1,AD-3,AE-2
-----
AA:AA0,AD-2,AE-1,AB0,CC-37
AB:AB0,AA-1,CC-38,AD-3,AE-2
AD:AD0,AE1,AB2,AA1,CC-36
AE:AE0,AB1,AA0,CC-37,AD-2
CC:CC0,AB0,AA-1,AD-3,AE-2
-----
AA:AA0,AD-2,AE-1,AB0,CC-38
AB:AB0,AA-1,CC-39,AD-3,AE-2
AD:AD0,AE1,AB2,AA1,CC-36
AE:AE0,AB1,AA0,CC-38,AD-2
CC:CC0,AB0,AA-1,AD-3,AE-2
-----
AA:AA0,AD-2,AE-1,AB0,CC-38
AB:AB0,AA-1,CC-39,AD-3,AE-2
AD:AD0,AE1,AB2,AA1,CC-37
AE:AE0,AB1,AA0,CC-38,AD-2
CC:CC0,AB0,AA-1,AD-3,AE-2
-----
AA:AA0,AD-2,AE-1,AB0,CC-39
AB:AB0,AA-1,CC-40,AD-3,AE-2
AD:AD0,AE1,AB2,AA1,CC-37
AE:AE0,AB1,AA0,CC-39,AD-2
CC:CC0,AB0,AA-1,AD-3,AE-2
-----
AA:AA0,AD-2,AE-1,AB0,CC-39
AB:AB0,AA-1,CC-40,AD-3,AE-2
AD:AD0,AE1,AB2,AA1,CC-38
AE:AE0,AB1,AA0,CC-39,AD-2
CC:CC0,AB0,AA-1,AD-3,AE-2
-----
AA:AA0,AD-2,AE-1,AB0,CC-40
AB:AB0,AA-1,CC-41,AD-3,AE-2
AD:AD0,AE1,AB2,AA1,CC-38
AE:AE0,AB1,AA0,CC-40,AD-2
CC:CC0,AB0,AA-1,AD-3,AE-2
-----
AA:AA0,AD-2,AE-1,AB0,CC-40
AB:AB0,AA-1,CC-41,AD-3,AE-2
AD:AD0,AE1,AB2,AA1,CC-39
AE:AE0,AB1,AA0,CC-40,AD-2
CC:CC0,AB0,AA-1,AD-3,AE-2
-----
AA:AA0,AD-2,AE-1,AB0,CC-41
AB:AB0,AA-1,CC-42,AD-3,AE-2
AD:AD0,AE1,AB2,AA1,CC-39
AE:AE0,AB1,AA0,CC-41,AD-2
CC:CC0,AB0,AA-1,AD-3,AE-2
-----
AA:AA0,AD-2,AE-1,AB0,CC-41
AB:AB0,AA-1,CC-42,AD-3,AE-2
AD:AD0,AE1,AB2,AA1,CC-40
AE:AE0,AB1,AA0,CC-41,AD-2
CC:CC0,AB0,AA-1,AD-3,AE-2
-----
AA:AA0,AD-2,AE-1,AB0,CC-42
AB:AB0,AA-1,CC-43,AD-3,AE-2
AD:AD0,AE1,AB2,AA1,CC-40
AE:AE0,AB1,AA0,CC-42,AD-2
CC:CC0,AB0,AA-1,AD-3,AE-2
-----
AA:AA0,AD-2,AE-1,AB0,CC-42
AB:AB0,AA-1,CC-43,AD-3,AE-2
AD:AD0,AE1,AB2,AA1,CC-41
AE:AE0,AB1,AA0,CC-42,AD-2
CC:CC0,AB0,AA-1,AD-3,AE-2
-----
AA:AA0,AD-2,AE-1,AB0,CC-43
AB:AB0,AA-1,CC-44,AD-3,AE-2
AD:AD0,AE1,AB2,AA1,CC-41
AE:AE0,AB1,AA0,CC-43,AD-2
CC:CC0,AB0,AA-1,AD-3,AE-2
-----
AA:AA0,AD-2,AE-1,AB0,CC-43
AB:AB0,AA-1,CC-44,AD-3,AE-2
AD:AD0,AE1,AB2,AA1,CC-42
AE:AE0,AB1,AA0,CC-43,AD-2
CC:CC0,AB0,AA-1,AD-3,AE-2
-----
AA:AA0,AD-2,AE-1,AB0,CC-44
AB:AB0,AA-1,CC-45,AD-3,AE-2
AD:AD0,AE1,AB2,AA1,CC-42
AE:AE0,AB1,AA0,CC-44,AD-2
CC:CC0,AB0,AA-1,AD-3,AE-2
-----
AA:AA0,AD-2,AE-1,AB0,CC-44
AB:AB0,AA-1,CC-45,AD-3,AE-2
AD:AD0,AE1,AB2,AA1,CC-43
AE:AE0,AB1,AA0,CC-44,AD-2
CC:CC0,AB0,AA-1,AD-3,AE-2
-----
AA:AA0,AD-2,AE-1,AB0,CC-45
AB:AB0,AA-1,CC-46,AD-3,AE-2
AD:AD0,AE1,AB2,AA1,CC-43
AE:AE0,AB1,AA0,CC-45,AD-2
CC:CC0,AB0,AA-1,AD-3,AE-2
-----
AA:AA0,AD-2,AE-1,AB0,CC-45
AB:AB0,AA-1,CC-46,AD-3,AE-2
AD:AD0,AE1,AB2,AA1,CC-44
AE:AE0,AB1,AA0,CC-45,AD-2
CC:CC0,AB0,AA-1,AD-3,AE-2
-----
AA:AA0,AD-2,AE-1,AB0,CC-46
AB:AB0,AA-1,CC-47,AD-3,AE-2
AD:AD0,AE1,AB2,AA1,CC-44
AE:AE0,AB1,AA0,CC-46,AD-2
CC:CC0,AB0,AA-1,AD-3,AE-2
-----
AA:AA0,AD-2,AE-1,AB0,CC-46
AB:AB0,AA-1,CC-47,AD-3,AE-2
AD:AD0,AE1,AB2,AA1,CC-45
AE:AE0,AB1,AA0,CC-46,AD-2
CC:CC0,AB0,AA-1,AD-3,AE-2
-----
AA:AA0,AD-2,AE-1,AB0,CC-47
AB:AB0,AA-1,CC-48,AD-3,AE-2
AD:AD0,AE1,AB2,AA1,CC-45
AE:AE0,AB1,AA0,CC-47,AD-2
CC:CC0,AB0,AA-1,AD-3,AE-2
-----
AA:AA0,AD-2,AE-1,AB0,CC-47
AB:AB0,AA-1,CC-48,AD-3,AE-2
AD:AD0,AE1,AB2,AA1,CC-46
AE:AE0,AB1,AA0,CC-47,AD-2
CC:CC0,AB0,AA-1,AD-3,AE-2
-----
AA:AA0,AD-2,AE-1,AB0,CC-48
AB:AB0,AA-1,CC-49,AD-3,AE-2
AD:AD0,AE1,AB2,AA1,CC-46
AE:AE0,AB1,AA0,CC-48,AD-2
CC:CC0,AB0,AA-1,AD-3,AE-2
-----
AA:AA0,AD-2,AE-1,AB0,CC-48
AB:AB0,AA-1,CC-49,AD-3,AE-2
AD:AD0,AE1,AB2,AA1,CC-47
AE:AE0,AB1,AA0,CC-48,AD-2
CC:CC0,AB0,AA-1,AD-3,AE-2
-----
AA:AA0,AD-2,AE-1,AB0,CC-49
AB:AB0,AA-1,CC-50,AD-3,AE-2
AD:AD0,AE1,AB2,AA1,CC-47
AE:AE0,AB1,AA0,CC-49,AD-2
CC:CC0,AB0,AA-1,AD-3,AE-2
-----
AA:AA0,AD-2,AE-1,AB0,CC-49
AB:AB0,AA-1,CC-50,AD-3,AE-2
AD:AD0,AE1,AB2,AA1,CC-48
AE:AE0,AB1,AA0,CC-49,AD-2
CC:CC0,AB0,AA-1,AD-3,AE-2
-----
AA:AA0,AD-2,AE-1,AB0,CC-50
AB:AB0,AA-1,CC-51,AD-3,AE-2
AD:AD0,AE1,AB2,AA1,CC-48
AE:AE0,AB1,AA0,CC-50,AD-2
CC:CC0,AB0,AA-1,AD-3,AE-2
-----
AA:AA0,AD-2,AE-1,AB0,CC-50
AB:AB0,AA-1,CC-51,AD-3,AE-2
AD:AD0,AE1,AB2,AA1,CC-49
AE:AE0,AB1,AA0,CC-50,AD-2
CC:CC0,AB0,AA-1,AD-3,AE-2
-----
AA:AA0,AD-2,AE-1,AB0,CC-51
AB:AB0,AA-1,CC-52,AD-3,AE-2
AD:AD0,AE1,AB2,AA1,CC-49
AE:AE0,AB1,AA0,CC-51,AD-2
CC:CC0,AB0,AA-1,AD-3,AE-2
-----
AA:AA0,AD-2,AE-1,AB0,CC-51
AB:AB0,AA-1,CC-52,AD-3,AE-2
AD:AD0,AE1,AB2,AA1,CC-50
AE:AE0,AB1,AA0,CC-51,AD-2
CC:CC0,AB0,AA-1,AD-3,AE-2
-----
AA:AA0,AD-2,AE-1,AB0,CC-52
AB:AB0,AA-1,CC-53,AD-3,AE-2
AD:AD0,AE1,AB2,AA1,CC-50
AE:AE0,AB1,AA0,CC-52,AD-2
CC:CC0,AB0,AA-1,AD-3,AE-2
-----
AA:AA0,AD-2,AE-1,AB0,CC-52
AB:AB0,AA-1,CC-53,AD-3,AE-2
AD:AD0,AE1,AB2,AA1,CC-51
AE:AE0,AB1,AA0,CC-52,AD-2
CC:CC0,AB0,AA-1,AD-3,AE-2
-----
AA:AA0,AD-2,AE-1,AB0,CC-53
AB:AB0,AA-1,CC-54,AD-3,AE-2
AD:AD0,AE1,AB2,AA1,CC-51
AE:AE0,AB1,AA0,CC-53,AD-2
CC:CC0,AB0,AA-1,AD-3,AE-2
-----
AA:AA0,AD-2,AE-1,AB0,CC-53
AB:AB0,AA-1,CC-54,AD-3,AE-2
AD:AD0,AE1,AB2,AA1,CC-52
AE:AE0,AB1,AA0,CC-53,AD-2
CC:CC0,AB0,AA-1,AD-3,AE-2
-----
AA:AA0,AD-2,AE-1,AB0,CC-54
AB:AB0,AA-1,CC-55,AD-3,AE-2
AD:AD0,AE1,AB2,AA1,CC-52
AE:AE0,AB1,AA0,CC-54,AD-2
CC:CC0,AB0,AA-1,AD-3,AE-2
-----
AA:AA0,AD-2,AE-1,AB0,CC-54
AB:AB0,AA-1,CC-55,AD-3,AE-2
AD:AD0,AE1,AB2,AA1,CC-53
AE:AE0,AB1,AA0,CC-54,AD-2
CC:CC0,AB0,AA-1,AD-3,AE-2
-----
AA:AA0,AD-2,AE-1,AB0,CC-55
AB:AB0,AA-1,CC-56,AD-3,AE-2
AD:AD0,AE1,AB2,AA1,CC-53
AE:AE0,AB1,AA0,CC-55,AD-2
CC:CC0,AB0,AA-1,AD-3,AE-2
-----
AA:AA0,AD-2,AE-1,AB0,CC-55
AB:AB0,AA-1,CC-56,AD-3,AE-2
AD:AD0,AE1,AB2,AA1,CC-54
AE:AE0,AB1,AA0,CC-55,AD-2
CC:CC0,AB0,AA-1,AD-3,AE-2
-----
AA:AA0,AD-2,AE-1,AB0,CC-56
AB:AB0,AA-1,CC-57,AD-3,AE-2
AD:AD0,AE1,AB2,AA1,CC-54
AE:AE0,AB1,AA0,CC-56,AD-2
CC:CC0,AB0,AA-1,AD-3,AE-2
-----
AA:AA0,AD-2,AE-1,AB0,CC-56
AB:AB0,AA-1,CC-57,AD-3,AE-2
AD:AD0,AE1,AB2,AA1,CC-55
AE:AE0,AB1,AA0,CC-56,AD-2
CC:CC0,AB0,AA-1,AD-3,AE-2
-----
AA:AA0,AD-2,AE-1,AB0,CC-57
AB:AB0,AA-1,CC-58,AD-3,AE-2
AD:AD0,AE1,AB2,AA1,CC-55
AE:AE0,AB1,AA0,CC-57,AD-2
CC:CC0,AB0,AA-1,AD-3,AE-2
-----
AA:AA0,AD-2,AE-1,AB0,CC-57
AB:AB0,AA-1,CC-58,AD-3,AE-2
AD:AD0,AE1,AB2,AA1,CC-56
AE:AE0,AB1,AA0,CC-57,AD-2
CC:CC0,AB0,AA-1,AD-3,AE-2
-----
AA:AA0,AD-2,AE-1,AB0,CC-58
AB:AB0,AA-1,CC-59,AD-3,AE-2
AD:AD0,AE1,AB2,AA1,CC-56
AE:AE0,AB1,AA0,CC-58,AD-2
CC:CC0,AB0,AA-1,AD-3,AE-2
-----
AA:AA0,AD-2,AE-1,AB0,CC-58
AB:AB0,AA-1,CC-59,AD-3,AE-2
AD:AD0,AE1,AB2,AA1,CC-57
AE:AE0,AB1,AA0,CC-58,AD-2
CC:CC0,AB0,AA-1,AD-3,AE-2
-----
AA:AA0,AD-2,AE-1,AB0,CC-59
AB:AB0,AA-1,CC-60,AD-3,AE-2
AD:AD0,AE1,AB2,AA1,CC-57
AE:AE0,AB1,AA0,CC-59,AD-2
CC:CC0,AB0,AA-1,AD-3,AE-2
-----
AA:AA0,AD-2,AE-1,AB0,CC-59
AB:AB0,AA-1,CC-60,AD-3,AE-2
AD:AD0,AE1,AB2,AA1,CC-58
AE:AE0,AB1,AA0,CC-59,AD-2
CC:CC0,AB0,AA-1,AD-3,AE-2
-----
AA:AA0,AD-2,AE-1,AB0,CC-60
AB:AB0,AA-1,CC-61,AD-3,AE-2
AD:AD0,AE1,AB2,AA1,CC-58
AE:AE0,AB1,AA0,CC-60,AD-2
CC:CC0,AB0,AA-1,AD-3,AE-2
-----
AA:AA0,AD-2,AE-1,AB0,CC-60
AB:AB0,AA-1,CC-61,AD-3,AE-2
AD:AD0,AE1,AB2,AA1,CC-59
AE:AE0,AB1,AA0,CC-60,AD-2
CC:CC0,AB0,AA-1,AD-3,AE-2
-----
AA:AA0,AD-2,AE-1,AB0,CC-61
AB:AB0,AA-1,CC-62,AD-3,AE-2
AD:AD0,AE1,AB2,AA1,CC-59
AE:AE0,AB1,AA0,CC-61,AD-2
CC:CC0,AB0,AA-1,AD-3,AE-2
-----
AA:AA0,AD-2,AE-1,AB0,CC-61
AB:AB0,AA-1,CC-62,AD-3,AE-2
AD:AD0,AE1,AB2,AA1,CC-60
AE:AE0,AB1,AA0,CC-61,AD-2
CC:CC0,AB0,AA-1,AD-3,AE-2
-----
AA:AA0,AD-2,AE-1,AB0,CC-62
AB:AB0,AA-1,CC-63,AD-3,AE-2
AD:AD0,AE1,AB2,AA1,CC-60
AE:AE0,AB1,AA0,CC-62,AD-2
CC:CC0,AB0,AA-1,AD-3,AE-2
-----
AA:AA0,AD-2,AE-1,AB0,CC-62
AB:AB0,AA-1,CC-63,AD-3,AE-2
AD:AD0,AE1,AB2,AA1,CC-61
AE:AE0,AB1,AA0,CC-62,AD-2
CC:CC0,AB0,AA-1,AD-3,AE-2
-----
AA:AA0,AD-2,AE-1,AB0,CC-63
AB:AB0,AA-1,CC-64,AD-3,AE-2
AD:AD0,AE1,AB2,AA1,CC-61
AE:AE0,AB1,AA0,CC-63,AD-2
CC:CC0,AB0,AA-1,AD-3,AE-2
-----
AA:AA0,AD-2,AE-1,AB0,CC-63
AB:AB0,AA-1,CC-64,AD-3,AE-2
AD:AD0,AE1,AB2,AA1,CC-62
AE:AE0,AB1,AA0,CC-63,AD-2
CC:CC0,AB0,AA-1,AD-3,AE-2
-----
AA:AA0,AD-2,AE-1,AB0,CC-64
AB:AB0,AA-1,CC-65,AD-3,AE-2
AD:AD0,AE1,AB2,AA1,CC-62
AE:AE0,AB1,AA0,CC-64,AD-2
CC:CC0,AB0,AA-1,AD-3,AE-2
-----
AA:AA0,AD-2,AE-1,AB0,CC-64
AB:AB0,AA-1,CC-65,AD-3,AE-2
AD:AD0,AE1,AB2,AA1,CC-63
AE:AE0,AB1,AA0,CC-64,AD-2
CC:CC0,AB0,AA-1,AD-3,AE-2
-----
AA:AA0,AD-2,AE-1,AB0,CC-65
AB:AB0,AA-1,CC-66,AD-3,AE-2
AD:AD0,AE1,AB2,AA1,CC-63
AE:AE0,AB1,AA0,CC-65,AD-2
CC:CC0,AB0,AA-1,AD-3,AE-2
-----
AA:AA0,AD-2,AE-1,AB0,CC-65
AB:AB0,AA-1,CC-66,AD-3,AE-2
AD:AD0,AE1,AB2,AA1,CC-64
AE:AE0,AB1,AA0,CC-65,AD-2
CC:CC0,AB0,AA-1,AD-3,AE-2
-----
AA:AA0,AD-2,AE-1,AB0,CC-66
AB:AB0,AA-1,CC-67,AD-3,AE-2
AD:AD0,AE1,AB2,AA1,CC-64
AE:AE0,AB1,AA0,CC-66,AD-2
CC:CC0,AB0,AA-1,AD-3,AE-2
-----
AA:AA0,AD-2,AE-1,AB0,CC-66
AB:AB0,AA-1,CC-67,AD-3,AE-2
AD:AD0,AE1,AB2,AA1,CC-65
AE:AE0,AB1,AA0,CC-66,AD-2
CC:CC0,AB0,AA-1,AD-3,AE-2
-----
AA:AA0,AD-2,AE-1,AB0,CC-67
AB:AB0,AA-1,CC-68,AD-3,AE-2
AD:AD0,AE1,AB2,AA1,CC-65
AE:AE0,AB1,AA0,CC-67,AD-2
CC:CC0,AB0,AA-1,AD-3,AE-2
-----
AA:AA0,AD-2,AE-1,AB0,CC-67
AB:AB0,AA-1,CC-68,AD-3,AE-2
AD:AD0,AE1,AB2,AA1,CC-66
AE:AE0,AB1,AA0,CC-67,AD-2
CC:CC0,AB0,AA-1,AD-3,AE-2
-----
AA:AA0,AD-2,AE-1,AB0,CC-68
AB:AB0,AA-1,CC-69,AD-3,AE-2
AD:AD0,AE1,AB2,AA1,CC-66
AE:AE0,AB1,AA0,CC-68,AD-2
CC:CC0,AB0,AA-1,AD-3,AE-2
-----
AA:AA0,AD-2,AE-1,AB0,CC-68
AB:AB0,AA-1,CC-69,AD-3,AE-2
AD:AD0,AE1,AB2,AA1,CC-67
AE:AE0,AB1,AA0,CC-68,AD-2
CC:CC0,AB0,AA-1,AD-3,AE-2
-----
AA:AA0,AD-2,AE-1,AB0,CC-69
AB:AB0,AA-1,CC-70,AD-3,AE-2
AD:AD0,AE1,AB2,AA1,CC-67
AE:AE0,AB1,AA0,CC-69,AD-2
CC:CC0,AB0,AA-1,AD-3,AE-2
-----
AA:AA0,AD-2,AE-1,AB0,CC-69
AB:AB0,AA-1,CC-70,AD-3,AE-2
AD:AD0,AE1,AB2,AA1,CC-68
AE:AE0,AB1,AA0,CC-69,AD-2
CC:CC0,AB0,AA-1,AD-3,AE-2
-----
AA:AA0,AD-2,AE-1,AB0,CC-70
AB:AB0,AA-1,CC-71,AD-3,AE-2
AD:AD0,AE1,AB2,AA1,CC-68
AE:AE0,AB1,AA0,CC-70,AD-2
CC:CC0,AB0,AA-1,AD-3,AE-2
-----
AA:AA0,AD-2,AE-1,AB0,CC-70
AB:AB0,AA-1,CC-71,AD-3,AE-2
AD:AD0,AE1,AB2,AA1,CC-69
AE:AE0,AB1,AA0,CC-70,AD-2
CC:CC0,AB0,AA-1,AD-3,AE-2
-----
AA:AA0,AD-2,AE-1,AB0,CC-71
AB:AB0,AA-1,CC-72,AD-3,AE-2
AD:AD0,AE1,AB2,AA1,CC-69
AE:AE0,AB1,AA0,CC-71,AD-2
CC:CC0,AB0,AA-1,AD-3,AE-2
-----
AA:AA0,AD-2,AE-1,AB0,CC-71
AB:AB0,AA-1,CC-72,AD-3,AE-2
AD:AD0,AE1,AB2,AA1,CC-70
AE:AE0,AB1,AA0,CC-71,AD-2
CC:CC0,AB0,AA-1,AD-3,AE-2
-----
AA:AA0,AD-2,AE-1,AB0,CC-72
AB:AB0,AA-1,CC-73,AD-3,AE-2
AD:AD0,AE1,AB2,AA1,CC-70
AE:AE0,AB1,AA0,CC-72,AD-2
CC:CC0,AB0,AA-1,AD-3,AE-2
-----
AA:AA0,AD-2,AE-1,AB0,CC-72
AB:AB0,AA-1,CC-73,AD-3,AE-2
AD:AD0,AE1,AB2,AA1,CC-71
AE:AE0,AB1,AA0,CC-72,AD-2
CC:CC0,AB0,AA-1,AD-3,AE-2
-----
AA:AA0,AD-2,AE-1,AB0,CC-73
AB:AB0,AA-1,CC-74,AD-3,AE-2
AD:AD0,AE1,AB2,AA1,CC-71
AE:AE0,AB1,AA0,CC-73,AD-2
CC:CC0,AB0,AA-1,AD-3,AE-2
-----
AA:AA0,AD-2,AE-1,AB0,CC-73
AB:AB0,AA-1,CC-74,AD-3,AE-2
AD:AD0,AE1,AB2,AA1,CC-72
AE:AE0,AB1,AA0,CC-73,AD-2
CC:CC0,AB0,AA-1,AD-3,AE-2
-----
AA:AA0,AD-2,AE-1,AB0,CC-74
AB:AB0,AA-1,CC-75,AD-3,AE-2
AD:AD0,AE1,AB2,AA1,CC-72
AE:AE0,AB1,AA0,CC-74,AD-2
CC:CC0,AB0,AA-1,AD-3,AE-2
-----
AA:AA0,AD-2,AE-1,AB0,CC-74
AB:AB0,AA-1,CC-75,AD-3,AE-2
AD:AD0,AE1,AB2,AA1,CC-73
AE:AE0,AB1,AA0,CC-74,AD-2
CC:CC0,AB0,AA-1,AD-3,AE-2
-----
AA:AA0,AD-2,AE-1,AB0,CC-75
AB:AB0,AA-1,CC-76,AD-3,AE-2
AD:AD0,AE1,AB2,AA1,CC-73
AE:AE0,AB1,AA0,CC-75,AD-2
CC:CC0,AB0,AA-1,AD-3,AE-2
-----
AA:AA0,AD-2,AE-1,AB0,CC-75
AB:AB0,AA-1,CC-76,AD-3,AE-2
AD:AD0,AE1,AB2,AA1,CC-74
AE:AE0,AB1,AA0,CC-75,AD-2
CC:CC0,AB0,AA-1,AD-3,AE-2
-----
AA:AA0,AD-2,AE-1,AB0,CC-76
AB:AB0,AA-1,CC-77,AD-3,AE-2
AD:AD0,AE1,AB2,AA1,CC-74
AE:AE0,AB1,AA0,CC-76,AD-2
CC:CC0,AB0,AA-1,AD-3,AE-2
-----
AA:AA0,AD-2,AE-1,AB0,CC-76
AB:AB0,AA-1,CC-77,AD-3,AE-2
AD:AD0,AE1,AB2,AA1,CC-75
AE:AE0,AB1,AA0,CC-76,AD-2
CC:CC0,AB0,AA-1,AD-3,AE-2
-----
AA:AA0,AD-2,AE-1,AB0,CC-77
AB:AB0,AA-1,CC-78,AD-3,AE-2
AD:AD0,AE1,AB2,AA1,CC-75
AE:AE0,AB1,AA0,CC-77,AD-2
CC:CC0,AB0,AA-1,AD-3,AE-2
-----
AA:AA0,AD-2,AE-1,AB0,CC-77
AB:AB0,AA-1,CC-78,AD-3,AE-2
AD:AD0,AE1,AB2,AA1,CC-76
AE:AE0,AB1,AA0,CC-77,AD-2
CC:CC0,AB0,AA-1,AD-3,AE-2
-----
AA:AA0,AD-2,AE-1,AB0,CC-78
AB:AB0,AA-1,CC-79,AD-3,AE-2
AD:AD0,AE1,AB2,AA1,CC-76
AE:AE0,AB1,AA0,CC-78,AD-2
CC:CC0,AB0,AA-1,AD-3,AE-2
-----
AA:AA0,AD-2,AE-1,AB0,CC-78
AB:AB0,AA-1,CC-79,AD-3,AE-2
AD:AD0,AE1,AB2,AA1,CC-77
AE:AE0,AB1,AA0,CC-78,AD-2
CC:CC0,AB0,AA-1,AD-3,AE-2
-----
AA:AA0,AD-2,AE-1,AB0,CC-79
AB:AB0,AA-1,CC-80,AD-3,AE-2
AD:AD0,AE1,AB2,AA1,CC-77
AE:AE0,AB1,AA0,CC-79,AD-2
CC:CC0,AB0,AA-1,AD-3,AE-2
-----
AA:AA0,AD-2,AE-1,AB0,CC-79
AB:AB0,AA-1,CC-80,AD-3,AE-2
AD:AD0,AE1,AB2,AA1,CC-78
AE:AE0,AB1,AA0,CC-79,AD-2
CC:CC0,AB0,AA-1,AD-3,AE-2
-----
AA:AA0,AD-2,AE-1,AB0,CC-80
AB:AB0,AA-1,CC-81,AD-3,AE-2
AD:AD0,AE1,AB2,AA1,CC-78
AE:AE0,AB1,AA0,CC-80,AD-2
CC:CC0,AB0,AA-1,AD-3,AE-2
-----
AA:AA0,AD-2,AE-1,AB0,CC-80
AB:AB0,AA-1,CC-81,AD-3,AE-2
AD:AD0,AE1,AB2,AA1,CC-79
AE:AE0,AB1,AA0,CC-80,AD-2
CC:CC0,AB0,AA-1,AD-3,AE-2
-----
AA:AA0,AD-2,AE-1,AB0,CC-81
AB:AB0,AA-1,CC-82,AD-3,AE-2
AD:AD0,AE1,AB2,AA1,CC-79
AE:AE0,AB1,AA0,CC-81,AD-2
CC:CC0,AB0,AA-1,AD-3,AE-2
-----
AA:AA0,AD-2,AE-1,AB0,CC-81
AB:AB0,AA-1,CC-82,AD-3,AE-2
AD:AD0,AE1,AB2,AA1,CC-80
AE:AE0,AB1,AA0,CC-81,AD-2
CC:CC0,AB0,AA-1,AD-3,AE-2
-----
AA:AA0,AD-2,AE-1,AB0,CC-82
AB:AB0,AA-1,CC-83,AD-3,AE-2
AD:AD0,AE1,AB2,AA1,CC-80
AE:AE0,AB1,AA0,CC-82,AD-2
CC:CC0,AB0,AA-1,AD-3,AE-2
-----
AA:AA0,AD-2,AE-1,AB0,CC-82
AB:AB0,AA-1,CC-83,AD-3,AE-2
AD:AD0,AE1,AB2,AA1,CC-81
AE:AE0,AB1,AA0,CC-82,AD-2
CC:CC0,AB0,AA-1,AD-3,AE-2
-----
AA:AA0,AD-2,AE-1,AB0,CC-83
AB:AB0,AA-1,CC-84,AD-3,AE-2
AD:AD0,AE1,AB2,AA1,CC-81
AE:AE0,AB1,AA0,CC-83,AD-2
CC:CC0,AB0,AA-1,AD-3,AE-2
-----
AA:AA0,AD-2,AE-1,AB0,CC-83
AB:AB0,AA-1,CC-84,AD-3,AE-2
AD:AD0,AE1,AB2,AA1,CC-82
AE:AE0,AB1,AA0,CC-83,AD-2
CC:CC0,AB0,AA-1,AD-3,AE-2
-----
AA:AA0,AD-2,AE-1,AB0,CC-84
AB:AB0,AA-1,CC-85,AD-3,AE-2
AD:AD0,AE1,AB2,AA1,CC-82
AE:AE0,AB1,AA0,CC-84,AD-2
CC:CC0,AB0,AA-1,AD-3,AE-2
-----
AA:AA0,AD-2,AE-1,AB0,CC-84
AB:AB0,AA-1,CC-85,AD-3,AE-2
AD:AD0,AE1,AB2,AA1,CC-83
AE:AE0,AB1,AA0,CC-84,AD-2
CC:CC0,AB0,AA-1,AD-3,AE-2
-----
AA:AA0,AD-2,AE-1,AB0,CC-85
AB:AB0,AA-1,CC-86,AD-3,AE-2
AD:AD0,AE1,AB2,AA1,CC-83
AE:AE0,AB1,AA0,CC-85,AD-2
CC:CC0,AB0,AA-1,AD-3,AE-2
-----
AA:AA0,AD-2,AE-1,AB0,CC-85
AB:AB0,AA-1,CC-86,AD-3,AE-2
AD:AD0,AE1,AB2,AA1,CC-84
AE:AE0,AB1,AA0,CC-85,AD-2
CC:CC0,AB0,AA-1,AD-3,AE-2
-----
AA:AA0,AD-2,AE-1,AB0,CC-86
AB:AB0,AA-1,CC-87,AD-3,AE-2
AD:AD0,AE1,AB2,AA1,CC-84
AE:AE0,AB1,AA0,CC-86,AD-2
CC:CC0,AB0,AA-1,AD-3,AE-2
-----
AA:AA0,AD-2,AE-1,AB0,CC-86
AB:AB0,AA-1,CC-87,AD-3,AE-2
AD:AD0,AE1,AB2,AA1,CC-85
AE:AE0,AB1,AA0,CC-86,AD-2
CC:CC0,AB0,AA-1,AD-3,AE-2
-----
AA:AA0,AD-2,AE-1,AB0,CC-87
AB:AB0,AA-1,CC-88,AD-3,AE-2
AD:AD0,AE1,AB2,AA1,CC-85
AE:AE0,AB1,AA0,CC-87,AD-2
CC:CC0,AB0,AA-1,AD-3,AE-2
-----
AA:AA0,AD-2,AE-1,AB0,CC-87
AB:AB0,AA-1,CC-88,AD-3,AE-2
AD:AD0,AE1,AB2,AA1,CC-86
AE:AE0,AB1,AA0,CC-87,AD-2
CC:CC0,AB0,AA-1,AD-3,AE-2
-----
AA:AA0,AD-2,AE-1,AB0,CC-88
AB:AB0,AA-1,CC-89,AD-3,AE-2
AD:AD0,AE1,AB2,AA1,CC-86
AE:AE0,AB1,AA0,CC-88,AD-2
CC:CC0,AB0,AA-1,AD-3,AE-2
-----
AA:AA0,AD-2,AE-1,AB0,CC-88
AB:AB0,AA-1,CC-89,AD-3,AE-2
AD:AD0,AE1,AB2,AA1,CC-87
AE:AE0,AB1,AA0,CC-88,AD-2
CC:CC0,AB0,AA-1,AD-3,AE-2
-----
AA:AA0,AD-2,AE-1,AB0,CC-89
AB:AB0,AA-1,CC-90,AD-3,AE-2
AD:AD0,AE1,AB2,AA1,CC-87
AE:AE0,AB1,AA0,CC-89,AD-2
CC:CC0,AB0,AA-1,AD-3,AE-2
-----
AA:AA0,AD-2,AE-1,AB0,CC-89
AB:AB0,AA-1,CC-90,AD-3,AE-2
AD:AD0,AE1,AB2,AA1,CC-88
AE:AE0,AB1,AA0,CC-89,AD-2
CC:CC0,AB0,AA-1,AD-3,AE-2
-----
AA:AA0,AD-2,AE-1,AB0,CC-90
AB:AB0,AA-1,CC-91,AD-3,AE-2
AD:AD0,AE1,AB2,AA1,CC-88
AE:AE0,AB1,AA0,CC-90,AD-2
CC:CC0,AB0,AA-1,AD-3,AE-2
-----
AA:AA0,AD-2,AE-1,AB0,CC-90
AB:AB0,AA-1,CC-91,AD-3,AE-2
AD:AD0,AE1,AB2,AA1,CC-89
AE:AE0,AB1,AA0,CC-90,AD-2
CC:CC0,AB0,AA-1,AD-3,AE-2
-----
AA:AA0,AD-2,AE-1,AB0,CC-91
AB:AB0,AA-1,CC-92,AD-3,AE-2
AD:AD0,AE1,AB2,AA1,CC-89
AE:AE0,AB1,AA0,CC-91,AD-2
CC:CC0,AB0,AA-1,AD-3,AE-2
-----
AA:AA0,AD-2,AE-1,AB0,CC-91
AB:AB0,AA-1,CC-92,AD-3,AE-2
AD:AD0,AE1,AB2,AA1,CC-90
AE:AE0,AB1,AA0,CC-91,AD-2
CC:CC0,AB0,AA-1,AD-3,AE-2
-----
AA:AA0,AD-2,AE-1,AB0,CC-92
AB:AB0,AA-1,CC-93,AD-3,AE-2
AD:AD0,AE1,AB2,AA1,CC-90
AE:AE0,AB1,AA0,CC-92,AD-2
CC:CC0,AB0,AA-1,AD-3,AE-2
-----
AA:AA0,AD-2,AE-1,AB0,CC-92
AB:AB0,AA-1,CC-93,AD-3,AE-2
AD:AD0,AE1,AB2,AA1,CC-91
AE:AE0,AB1,AA0,CC-92,AD-2
CC:CC0,AB0,AA-1,AD-3,AE-2
-----
AA:AA0,AD-2,AE-1,AB0,CC-93
AB:AB0,AA-1,CC-94,AD-3,AE-2
AD:AD0,AE1,AB2,AA1,CC-91
AE:AE0,AB1,AA0,CC-93,AD-2
CC:CC0,AB0,AA-1,AD-3,AE-2
-----
AA:AA0,AD-2,AE-1,AB0,CC-93
AB:AB0,AA-1,CC-94,AD-3,AE-2
AD:AD0,AE1,AB2,AA1,CC-92
AE:AE0,AB1,AA0,CC-93,AD-2
CC:CC0,AB0,AA-1,AD-3,AE-2
-----
AA:AA0,AD-2,AE-1,AB0,CC-94
AB:AB0,AA-1,CC-95,AD-3,AE-2
AD:AD0,AE1,AB2,AA1,CC-92
AE:AE0,AB1,AA0,CC-94,AD-2
CC:CC0,AB0,AA-1,AD-3,AE-2
-----
AA:AA0,AD-2,AE-1,AB0,CC-94
AB:AB0,AA-1,CC-95,AD-3,AE-2
AD:AD0,AE1,AB2,AA1,CC-93
AE:AE0,AB1,AA0,CC-94,AD-2
CC:CC0,AB0,AA-1,AD-3,AE-2
-----
AA:AA0,AD-2,AE-1,AB0,CC-95
AB:AB0,AA-1,CC-96,AD-3,AE-2
AD:AD0,AE1,AB2,AA1,CC-93
AE:AE0,AB1,AA0,CC-95,AD-2
CC:CC0,AB0,AA-1,AD-3,AE-2
-----
AA:AA0,AD-2,AE-1,AB0,CC-95
AB:AB0,AA-1,CC-96,AD-3,AE-2
AD:AD0,AE1,AB2,AA1,CC-94
AE:AE0,AB1,AA0,CC-95,AD-2
CC:CC0,AB0,AA-1,AD-3,AE-2
-----
AA:AA0,AD-2,AE-1,AB0,CC-96
AB:AB0,AA-1,CC-97,AD-3,AE-2
AD:AD0,AE1,AB2,AA1,CC-94
AE:AE0,AB1,AA0,CC-96,AD-2
CC:CC0,AB0,AA-1,AD-3,AE-2
-----
AA:AA0,AD-2,AE-1,AB0,CC-96
AB:AB0,AA-1,CC-97,AD-3,AE-2
AD:AD0,AE1,AB2,AA1,CC-95
AE:AE0,AB1,AA0,CC-96,AD-2
CC:CC0,AB0,AA-1,AD-3,AE-2
-----
AA:AA0,AD-2,AE-1,AB0,CC-97
AB:AB0,AA-1,CC-98,AD-3,AE-2
AD:AD0,AE1,AB2,AA1,CC-95
AE:AE0,AB1,AA0,CC-97,AD-2
CC:CC0,AB0,AA-1,AD-3,AE-2
-----
AA:AA0,AD-2,AE-1,AB0,CC-97
AB:AB0,AA-1,CC-98,AD-3,AE-2
AD:AD0,AE1,AB2,AA1,CC-96
AE:AE0,AB1,AA0,CC-97,AD-2
CC:CC0,AB0,AA-1,AD-3,AE-2
-----
AA:AA0,AD-2,AE-1,AB0,CC-98
AB:AB0,AA-1,CC-99,AD-3,AE-2
AD:AD0,AE1,AB2,AA1,CC-96
AE:AE0,AB1,AA0,CC-98,AD-2
CC:CC0,AB0,AA-1,AD-3,AE-2
-----
AA:AA0,AD-2,AE-1,AB0,CC-98
AB:AB0,AA-1,CC-99,AD-3,AE-2
AD:AD0,AE1,AB2,AA1,CC-97
AE:AE0,AB1,AA0,CC-98,AD-2
CC:CC0,AB0,AA-1,AD-3,AE-2
-----
AA:AA0,AD-2,AE-1,AB0,CC-99
AB:AB0,AA-1,CC-99,AD-3,AE-2
AD:AD0,AE1,AB2,AA1,CC-97
AE:AE0,AB1,AA0,CC-98,AD-2
CC:CC0,AB0,AA-1,AD-3,AE-2
-----
